<?xml version="1.0" encoding="UTF-8"?>
<!-- Generated by org.testng.reporters.JUnitReportReporter -->
<testsuite hostname="DESKTOP-7GC1PIP" failures="0" tests="1" name="com.mohs10.scripts.THtest" time="334.935" errors="0" timestamp="2023-06-13T13:26:07 IST" skipped="0">
  <testcase classname="com.mohs10.scripts.THtest" name="Articles" time="334.935"/>
  <system-out/>
</testsuite> <!-- com.mohs10.scripts.THtest -->
