<?xml version="1.0" encoding="UTF-8"?>
<!-- Generated by org.testng.reporters.JUnitReportReporter -->
<testsuite hostname="DESKTOP-7GC1PIP" failures="0" tests="7" name="com.mohs10.scripts.HomeTest" time="237.944" errors="0" timestamp="2023-07-12T13:27:22 IST" skipped="0">
  <testcase classname="com.mohs10.scripts.HomeTest" name="Validate_title" time="41.373"/>
  <system-out/>
  <testcase classname="com.mohs10.scripts.HomeTest" name="Validate_Logo" time="20.658"/>
  <system-out/>
  <testcase classname="com.mohs10.scripts.HomeTest" name="Validate_Email" time="13.003"/>
  <system-out/>
  <testcase classname="com.mohs10.scripts.HomeTest" name="Validate_Keyword" time="17.213"/>
  <system-out/>
  <testcase classname="com.mohs10.scripts.HomeTest" name="Validate_readlink" time="23.854"/>
  <system-out/>
  <testcase classname="com.mohs10.scripts.HomeTest" name="Showcase_seriesPage" time="59.506"/>
  <system-out/>
  <testcase classname="com.mohs10.scripts.HomeTest" name="Showcase_series" time="62.337"/>
  <system-out/>
</testsuite> <!-- com.mohs10.scripts.HomeTest -->
