<?xml version="1.0" encoding="UTF-8"?>
<!-- Generated by org.testng.reporters.JUnitReportReporter -->
<testsuite hostname="DESKTOP-7GC1PIP" failures="0" tests="7" name="com.mohs10.scripts.HomeTest" time="281.691" errors="0" timestamp="2023-07-11T14:26:00 IST" skipped="0">
  <testcase classname="com.mohs10.scripts.HomeTest" name="Validate_title" time="31.243"/>
  <system-out/>
  <testcase classname="com.mohs10.scripts.HomeTest" name="Validate_Logo" time="17.803"/>
  <system-out/>
  <testcase classname="com.mohs10.scripts.HomeTest" name="Validate_Email" time="12.433"/>
  <system-out/>
  <testcase classname="com.mohs10.scripts.HomeTest" name="Validate_Keyword" time="16.775"/>
  <system-out/>
  <testcase classname="com.mohs10.scripts.HomeTest" name="Validate_readlink" time="21.834"/>
  <system-out/>
  <testcase classname="com.mohs10.scripts.HomeTest" name="Showcase_seriesPage" time="142.266"/>
  <system-out/>
  <testcase classname="com.mohs10.scripts.HomeTest" name="Showcase_series" time="39.337"/>
  <system-out/>
</testsuite> <!-- com.mohs10.scripts.HomeTest -->
