<?xml version="1.0" encoding="UTF-8"?>
<!-- Generated by org.testng.reporters.JUnitReportReporter -->
<testsuite hostname="DESKTOP-7GC1PIP" failures="0" tests="1" name="com.mohs10.scripts.HomeTest" time="47.899" errors="0" timestamp="2023-06-12T16:11:20 IST" skipped="0">
  <testcase classname="com.mohs10.scripts.HomeTest" name="Validate_title" time="47.899"/>
  <system-out/>
</testsuite> <!-- com.mohs10.scripts.HomeTest -->
