<?xml version="1.0" encoding="UTF-8"?>
<!-- Generated by org.testng.reporters.JUnitReportReporter -->
<testsuite hostname="DESKTOP-7GC1PIP" failures="0" tests="1" name="com.mohs10.scripts.HomeTest" time="20.366" errors="0" timestamp="2022-11-07T11:36:17 IST" skipped="0">
  <testcase classname="com.mohs10.scripts.HomeTest" name="CategoriesTest" time="20.366"/>
  <system-out/>
</testsuite> <!-- com.mohs10.scripts.HomeTest -->
