<?xml version="1.0" encoding="UTF-8"?>
<!-- Generated by org.testng.reporters.JUnitReportReporter -->
<testsuite hostname="DESKTOP-7GC1PIP" failures="0" tests="7" name="com.mohs10.scripts.HomeTest" time="216.105" errors="0" timestamp="2023-07-12T14:07:10 IST" skipped="0">
  <testcase classname="com.mohs10.scripts.HomeTest" name="Validate_title" time="41.750"/>
  <system-out/>
  <testcase classname="com.mohs10.scripts.HomeTest" name="Validate_Logo" time="19.086"/>
  <system-out/>
  <testcase classname="com.mohs10.scripts.HomeTest" name="Validate_Email" time="12.469"/>
  <system-out/>
  <testcase classname="com.mohs10.scripts.HomeTest" name="Validate_Keyword" time="16.187"/>
  <system-out/>
  <testcase classname="com.mohs10.scripts.HomeTest" name="Validate_readlink" time="22.253"/>
  <system-out/>
  <testcase classname="com.mohs10.scripts.HomeTest" name="Showcase_seriesPage" time="63.325"/>
  <system-out/>
  <testcase classname="com.mohs10.scripts.HomeTest" name="Showcase_series" time="41.035"/>
  <system-out/>
</testsuite> <!-- com.mohs10.scripts.HomeTest -->
