<?xml version="1.0" encoding="UTF-8"?>
<!-- Generated by org.testng.reporters.JUnitReportReporter -->
<testsuite hostname="DESKTOP-7GC1PIP" failures="0" tests="1" name="com.mohs10.scripts.HomeTest" time="17.642" errors="0" timestamp="2022-11-02T16:29:58 IST" skipped="0">
  <testcase classname="com.mohs10.scripts.HomeTest" name="CategoriesTest" time="17.642"/>
  <system-out/>
</testsuite> <!-- com.mohs10.scripts.HomeTest -->
